<?xml version="1.0" encoding="UTF-8"?>
<testsuite xmlns:xsi="http://www.w3.org/2001/XMLSchema-instance" xsi:noNamespaceSchemaLocation="https://maven.apache.org/surefire/maven-surefire-plugin/xsd/surefire-test-report.xsd" version="3.0.2" name="cr.ac.ucr.connexion_backend.ConnexionBackendApplicationTests" time="12.947" tests="1" errors="0" skipped="0" failures="0" flakes="0">
  <properties>
[...]
</properties>
  <testcase name="contextLoads" classname="cr.ac.ucr.connexion_backend.ConnexionBackendApplicationTests" time="0.537">
    <system-out><![CDATA[00:08:15.549 [main] INFO org.springframework.test.context.support.AnnotationConfigContextLoaderUtils -- Could not detect default configuration classes for test class [cr.ac.ucr.connexion_backend.ConnexionBackendApplicationTests]: ConnexionBackendApplicationTests does not declare any static, non-private, non-final, nested classes annotated with @Configuration.
00:08:15.667 [main] INFO org.springframework.boot.test.context.SpringBootTestContextBootstrapper -- Found @SpringBootConfiguration cr.ac.ucr.connexion_backend.ConnexionBackendApplication for test class cr.ac.ucr.connexion_backend.ConnexionBackendApplicationTests
00:08:15.764 [main] INFO org.springframework.test.context.support.AnnotationConfigContextLoaderUtils -- Could not detect default configuration classes for test class [cr.ac.ucr.connexion_backend.ConnexionBackendApplicationTests]: ConnexionBackendApplicationTests does not declare any static, non-private, non-final, nested classes annotated with @Configuration.
00:08:15.765 [main] INFO org.springframework.boot.test.context.SpringBootTestContextBootstrapper -- Found @SpringBootConfiguration cr.ac.ucr.connexion_backend.ConnexionBackendApplication for test class cr.ac.ucr.connexion_backend.ConnexionBackendApplicationTests

  .   ____          _            __ _ _
 /\\ / ___'_ __ _ _(_)_ __  __ _ \ \ \ \
( ( )\___ | '_ | '_| | '_ \/ _` | \ \ \ \
 \\/  ___)| |_)| | | | | || (_| |  ) ) ) )
  '  |____| .__|_| |_|_| |_\__, | / / / /
 =========|_|==============|___/=/_/_/_/

 :: Spring Boot ::                (v4.0.6)

2026-06-28T00:08:16.165-06:00  INFO 30388 --- [connexion-backend] [           main] c.a.u.c.ConnexionBackendApplicationTests : Starting ConnexionBackendApplicationTests using Java 21.0.11 with PID 30388 (started by ian_r in C:\Users\ian_r\OneDrive\Desktop\Github\proyecto_ds3_atesa\connexion-backend)
2026-06-28T00:08:16.167-06:00  INFO 30388 --- [connexion-backend] [           main] c.a.u.c.ConnexionBackendApplicationTests : No active profile set, falling back to 1 default profile: "default"
2026-06-28T00:08:17.214-06:00  INFO 30388 --- [connexion-backend] [           main] .s.d.r.c.RepositoryConfigurationDelegate : Bootstrapping Spring Data JPA repositories in DEFAULT mode.
2026-06-28T00:08:17.322-06:00  INFO 30388 --- [connexion-backend] [           main] .s.d.r.c.RepositoryConfigurationDelegate : Finished Spring Data repository scanning in 94 ms. Found 8 JPA repository interfaces.
2026-06-28T00:08:18.430-06:00  INFO 30388 --- [connexion-backend] [           main] org.hibernate.orm.jpa                    : HHH008540: Processing PersistenceUnitInfo [name: default]
2026-06-28T00:08:18.610-06:00  INFO 30388 --- [connexion-backend] [           main] org.hibernate.orm.core                   : HHH000001: Hibernate ORM core version 7.2.12.Final
2026-06-28T00:08:19.702-06:00  INFO 30388 --- [connexion-backend] [           main] o.s.o.j.p.SpringPersistenceUnitInfo      : No LoadTimeWeaver setup: ignoring JPA class transformer
2026-06-28T00:08:19.774-06:00  INFO 30388 --- [connexion-backend] [           main] com.zaxxer.hikari.HikariDataSource       : HikariPool-1 - Starting...
2026-06-28T00:08:22.249-06:00  INFO 30388 --- [connexion-backend] [           main] com.zaxxer.hikari.pool.HikariPool        : HikariPool-1 - Added connection ConnectionID:1 ClientConnectionId: 0132df14-37fc-4cb9-9dbe-59797f885f25
2026-06-28T00:08:22.252-06:00  INFO 30388 --- [connexion-backend] [           main] com.zaxxer.hikari.HikariDataSource       : HikariPool-1 - Start completed.
2026-06-28T00:08:22.487-06:00  WARN 30388 --- [connexion-backend] [           main] org.hibernate.orm.deprecation            : HHH90000025: SQLServerDialect does not need to be specified explicitly using 'hibernate.dialect' (remove the property setting and it will be selected by default)
2026-06-28T00:08:22.644-06:00  INFO 30388 --- [connexion-backend] [           main] org.hibernate.orm.connections.pooling    : HHH10001005: Database info:
	Database JDBC URL [jdbc:sqlserver://servidor-atesa.database.windows.net:1433;concatNullYieldsNull=ON;quotedIdentifier=ON;connectRetryInterval=10;connectRetryCount=1;maxResultBuffer=-1;sendTemporalDataTypesAsStringForBulkCopy=true;delayLoadingLobs=true;useFmtOnly=false;vectorTypeSupport=v1;cacheBulkCopyMetadata=false;bulkCopyForBatchInsertAllowEncryptedValueModifications=false;bulkCopyForBatchInsertTableLock=false;bulkCopyForBatchInsertKeepNulls=false;bulkCopyForBatchInsertKeepIdentity=false;bulkCopyForBatchInsertFireTriggers=false;bulkCopyForBatchInsertCheckConstraints=false;bulkCopyForBatchInsertBatchSize=0;useBulkCopyForBatchInsert=false;cancelQueryTimeout=-1;sslProtocol=TLS;calcBigDecimalPrecision=false;useDefaultJaasConfig=false;jaasConfigurationName=SQLJDBCDriver;statementPoolingCacheSize=0;serverPreparedStatementDiscardThreshold=10;enablePrepareOnFirstPreparedStatementCall=false;fips=false;socketTimeout=0;authentication=NotSpecified;authenticationScheme=nativeAuthentication;xopenStates=false;datetimeParameterType=datetime2;sendTimeAsDatetime=true;replication=false;trustStoreType=JKS;trustServerCertificate=true;TransparentNetworkIPResolution=true;iPAddressPreference=IPv4First;serverNameAsACE=false;sendStringParametersAsUnicode=true;selectMethod=direct;responseBuffering=adaptive;queryTimeout=-1;packetSize=8000;multiSubnetFailover=false;loginTimeout=30;lockTimeout=-1;lastUpdateCount=true;useDefaultGSSCredential=false;prepareMethod=prepexec;encrypt=true;disableStatementPooling=true;databaseName=serveratesa;columnEncryptionSetting=Disabled;applicationName=Microsoft JDBC Driver for SQL Server;applicationIntent=readwrite;]
	Database driver: Microsoft JDBC Driver 13.2 for SQL Server
	Database dialect: SQLServerDialect
	Database version: 17.0
	Default catalog/schema: serveratesa/dbo
	Autocommit mode: undefined/unknown
	Isolation level: READ_COMMITTED [default READ_COMMITTED]
	JDBC fetch size: 128
	Pool: DataSourceConnectionProvider
	Minimum pool size: undefined/unknown
	Maximum pool size: undefined/unknown
2026-06-28T00:08:24.763-06:00  INFO 30388 --- [connexion-backend] [           main] org.hibernate.orm.core                   : HHH000489: No JTA platform available (set 'hibernate.transaction.jta.platform' to enable JTA platform integration)
2026-06-28T00:08:24.783-06:00  INFO 30388 --- [connexion-backend] [           main] j.LocalContainerEntityManagerFactoryBean : Initialized JPA EntityManagerFactory for persistence unit 'default'
2026-06-28T00:08:25.432-06:00  INFO 30388 --- [connexion-backend] [           main] o.s.d.j.r.query.QueryEnhancerFactories   : Hibernate is in classpath; If applicable, HQL parser will be used.
2026-06-28T00:08:26.102-06:00  WARN 30388 --- [connexion-backend] [           main] JpaBaseConfiguration$JpaWebConfiguration : spring.jpa.open-in-view is enabled by default. Therefore, database queries may be performed during view rendering. Explicitly configure spring.jpa.open-in-view to disable this warning
2026-06-28T00:08:26.384-06:00  WARN 30388 --- [connexion-backend] [           main] .s.a.UserDetailsServiceAutoConfiguration : 

Using generated security password: 98162752-10e4-42e2-83d2-899b0d2bc5ba

This generated password is for development use only. Your security configuration must be updated before running your application in production.

2026-06-28T00:08:26.405-06:00  INFO 30388 --- [connexion-backend] [           main] r$InitializeUserDetailsManagerConfigurer : Global AuthenticationManager configured with UserDetailsService bean with name inMemoryUserDetailsManager
2026-06-28T00:08:27.558-06:00  INFO 30388 --- [connexion-backend] [           main] c.a.u.c.ConnexionBackendApplicationTests : Started ConnexionBackendApplicationTests in 11.712 seconds (process running for 13.014)
]]></system-out>
    <system-err><![CDATA[Mockito is currently self-attaching to enable the inline-mock-maker. This will no longer work in future releases of the JDK. Please add Mockito as an agent to your build as described in Mockito's documentation: https://javadoc.io/doc/org.mockito/mockito-core/latest/org.mockito/org/mockito/Mockito.html#0.3
WARNING: A Java agent has been loaded dynamically (C:\Users\ian_r\.m2\repository\net\bytebuddy\byte-buddy-agent\1.17.8\byte-buddy-agent-1.17.8.jar)
WARNING: If a serviceability tool is in use, please run with -XX:+EnableDynamicAgentLoading to hide this warning
WARNING: If a serviceability tool is not in use, please run with -Djdk.instrument.traceUsage for more information
WARNING: Dynamic loading of agents will be disallowed by default in a future release
]]></system-err>
  </testcase>
</testsuite>